<?xml version="1.0" encoding="UTF-8"?>
<!-- Generated by org.testng.reporters.JUnitReportReporter -->
<testsuite hostname="DESKTOP-4QRLMTN" failures="0" tests="3" name="com.selenium.TestCase.Registration" time="1.285" errors="0" timestamp="2023-08-21T10:48:10 IST" skipped="0">
  <testcase classname="com.selenium.TestCase.Registration" name="testing" time="0.687"/>
  <system-out/>
  <testcase classname="com.selenium.TestCase.Registration" name="Radio" time="0.414"/>
  <system-out/>
  <testcase classname="com.selenium.TestCase.Registration" name="Down" time="0.184"/>
  <system-out/>
</testsuite> <!-- com.selenium.TestCase.Registration -->
