<?xml version="1.0" encoding="UTF-8"?>
<!-- Generated by org.testng.reporters.JUnitReportReporter -->
<testsuite hostname="DESKTOP-4QRLMTN" failures="0" tests="3" name="testbase.Registration" time="1.377" errors="0" timestamp="2023-08-20T16:46:13 IST" skipped="0">
  <testcase classname="testbase.Registration" name="testing" time="0.651"/>
  <system-out/>
  <testcase classname="testbase.Registration" name="Radio" time="0.497"/>
  <system-out/>
  <testcase classname="testbase.Registration" name="Down" time="0.229"/>
  <system-out/>
</testsuite> <!-- testbase.Registration -->
